{
  "stats": {
    "suites": 18,
    "tests": 32,
    "passes": 32,
    "pending": 0,
    "failures": 0,
    "start": "2025-05-04T17:39:25.950Z",
    "end": "2025-05-04T17:39:25.993Z",
    "duration": 43,
    "testsRegistered": 32,
    "passPercent": 100,
    "pendingPercent": 0,
    "other": 0,
    "hasOther": false,
    "skipped": 0,
    "hasSkipped": false
  },
  "results": [
    {
      "uuid": "8797133e-cbb7-4c95-b734-2f93294dbdf5",
      "title": "",
      "fullFile": "",
      "file": "",
      "beforeHooks": [],
      "afterHooks": [],
      "tests": [],
      "suites": [
        {
          "uuid": "7e037922-b81a-43fe-9810-feba9630b3eb",
          "title": "arrayUtils",
          "fullFile": "D:\\New folder\\automated_testing\\test\\arrayUtils.test.js",
          "file": "\\test\\arrayUtils.test.js",
          "beforeHooks": [],
          "afterHooks": [],
          "tests": [],
          "suites": [
            {
              "uuid": "4d4c0936-af8e-495a-ab87-1eb94f698aea",
              "title": "findMax()",
              "fullFile": "D:\\New folder\\automated_testing\\test\\arrayUtils.test.js",
              "file": "\\test\\arrayUtils.test.js",
              "beforeHooks": [],
              "afterHooks": [],
              "tests": [
                {
                  "title": "returns the maximum number in an array",
                  "fullTitle": "arrayUtils findMax() returns the maximum number in an array",
                  "timedOut": false,
                  "duration": 0,
                  "state": "passed",
                  "speed": "fast",
                  "pass": true,
                  "fail": false,
                  "pending": false,
                  "context": null,
                  "code": "expect(findMax([1, 2, 3, 10])).to.equal(10);",
                  "err": {},
                  "uuid": "46ad48fa-d797-4244-aa3b-65b18df2d717",
                  "parentUUID": "4d4c0936-af8e-495a-ab87-1eb94f698aea",
                  "isHook": false,
                  "skipped": false
                },
                {
                  "title": "throws error if input is not an array",
                  "fullTitle": "arrayUtils findMax() throws error if input is not an array",
                  "timedOut": false,
                  "duration": 1,
                  "state": "passed",
                  "speed": "fast",
                  "pass": true,
                  "fail": false,
                  "pending": false,
                  "context": null,
                  "code": "expect(() => findMax('not-array')).to.throw('Input must be an array');",
                  "err": {},
                  "uuid": "cf5ab706-7272-46df-be9b-e9769cf55635",
                  "parentUUID": "4d4c0936-af8e-495a-ab87-1eb94f698aea",
                  "isHook": false,
                  "skipped": false
                }
              ],
              "suites": [],
              "passes": [
                "46ad48fa-d797-4244-aa3b-65b18df2d717",
                "cf5ab706-7272-46df-be9b-e9769cf55635"
              ],
              "failures": [],
              "pending": [],
              "skipped": [],
              "duration": 1,
              "root": false,
              "rootEmpty": false,
              "_timeout": 2000
            },
            {
              "uuid": "25b2603c-e09b-4d5e-9a43-c91cfe7a8e5f",
              "title": "findMin()",
              "fullFile": "D:\\New folder\\automated_testing\\test\\arrayUtils.test.js",
              "file": "\\test\\arrayUtils.test.js",
              "beforeHooks": [],
              "afterHooks": [],
              "tests": [
                {
                  "title": "returns the minimum number in an array",
                  "fullTitle": "arrayUtils findMin() returns the minimum number in an array",
                  "timedOut": false,
                  "duration": 0,
                  "state": "passed",
                  "speed": "fast",
                  "pass": true,
                  "fail": false,
                  "pending": false,
                  "context": null,
                  "code": "expect(findMin([5, -1, 3, 0])).to.equal(-1);",
                  "err": {},
                  "uuid": "a7c825b0-2c3f-47ca-96ff-183cfb1d605a",
                  "parentUUID": "25b2603c-e09b-4d5e-9a43-c91cfe7a8e5f",
                  "isHook": false,
                  "skipped": false
                },
                {
                  "title": "throws error if input is not an array",
                  "fullTitle": "arrayUtils findMin() throws error if input is not an array",
                  "timedOut": false,
                  "duration": 0,
                  "state": "passed",
                  "speed": "fast",
                  "pass": true,
                  "fail": false,
                  "pending": false,
                  "context": null,
                  "code": "expect(() => findMin(null)).to.throw('Input must be an array');",
                  "err": {},
                  "uuid": "52ef7a53-2649-4c32-990c-beff00058cee",
                  "parentUUID": "25b2603c-e09b-4d5e-9a43-c91cfe7a8e5f",
                  "isHook": false,
                  "skipped": false
                }
              ],
              "suites": [],
              "passes": [
                "a7c825b0-2c3f-47ca-96ff-183cfb1d605a",
                "52ef7a53-2649-4c32-990c-beff00058cee"
              ],
              "failures": [],
              "pending": [],
              "skipped": [],
              "duration": 0,
              "root": false,
              "rootEmpty": false,
              "_timeout": 2000
            },
            {
              "uuid": "ec26b9a5-fd57-4222-b013-fb082752ea0b",
              "title": "removeDuplicates()",
              "fullFile": "D:\\New folder\\automated_testing\\test\\arrayUtils.test.js",
              "file": "\\test\\arrayUtils.test.js",
              "beforeHooks": [],
              "afterHooks": [],
              "tests": [
                {
                  "title": "removes duplicate values from array",
                  "fullTitle": "arrayUtils removeDuplicates() removes duplicate values from array",
                  "timedOut": false,
                  "duration": 1,
                  "state": "passed",
                  "speed": "fast",
                  "pass": true,
                  "fail": false,
                  "pending": false,
                  "context": null,
                  "code": "expect(removeDuplicates([1, 2, 2, 3, 3, 3])).to.deep.equal([1, 2, 3]);",
                  "err": {},
                  "uuid": "3c603913-94d7-4af9-92e8-11b457a84a74",
                  "parentUUID": "ec26b9a5-fd57-4222-b013-fb082752ea0b",
                  "isHook": false,
                  "skipped": false
                },
                {
                  "title": "returns an empty array when input is empty",
                  "fullTitle": "arrayUtils removeDuplicates() returns an empty array when input is empty",
                  "timedOut": false,
                  "duration": 1,
                  "state": "passed",
                  "speed": "fast",
                  "pass": true,
                  "fail": false,
                  "pending": false,
                  "context": null,
                  "code": "expect(removeDuplicates([])).to.deep.equal([]);",
                  "err": {},
                  "uuid": "e214cd77-9697-487d-875f-505b02ad61b6",
                  "parentUUID": "ec26b9a5-fd57-4222-b013-fb082752ea0b",
                  "isHook": false,
                  "skipped": false
                },
                {
                  "title": "throws error if input is not an array",
                  "fullTitle": "arrayUtils removeDuplicates() throws error if input is not an array",
                  "timedOut": false,
                  "duration": 0,
                  "state": "passed",
                  "speed": "fast",
                  "pass": true,
                  "fail": false,
                  "pending": false,
                  "context": null,
                  "code": "expect(() => removeDuplicates({})).to.throw('Input must be an array');",
                  "err": {},
                  "uuid": "63d131fa-aeca-4fa5-aad5-0b28fb9ae9bc",
                  "parentUUID": "ec26b9a5-fd57-4222-b013-fb082752ea0b",
                  "isHook": false,
                  "skipped": false
                }
              ],
              "suites": [],
              "passes": [
                "3c603913-94d7-4af9-92e8-11b457a84a74",
                "e214cd77-9697-487d-875f-505b02ad61b6",
                "63d131fa-aeca-4fa5-aad5-0b28fb9ae9bc"
              ],
              "failures": [],
              "pending": [],
              "skipped": [],
              "duration": 2,
              "root": false,
              "rootEmpty": false,
              "_timeout": 2000
            }
          ],
          "passes": [],
          "failures": [],
          "pending": [],
          "skipped": [],
          "duration": 0,
          "root": false,
          "rootEmpty": false,
          "_timeout": 2000
        },
        {
          "uuid": "5bded223-d7b0-40b4-997b-e7e50ae03a7c",
          "title": "mathUtils",
          "fullFile": "D:\\New folder\\automated_testing\\test\\mathUtils.test.js",
          "file": "\\test\\mathUtils.test.js",
          "beforeHooks": [],
          "afterHooks": [],
          "tests": [],
          "suites": [
            {
              "uuid": "c4ddfa26-88ad-4dfb-ab5c-615adb05974e",
              "title": "add()",
              "fullFile": "D:\\New folder\\automated_testing\\test\\mathUtils.test.js",
              "file": "\\test\\mathUtils.test.js",
              "beforeHooks": [],
              "afterHooks": [],
              "tests": [
                {
                  "title": "adds two numbers correctly",
                  "fullTitle": "mathUtils add() adds two numbers correctly",
                  "timedOut": false,
                  "duration": 0,
                  "state": "passed",
                  "speed": "fast",
                  "pass": true,
                  "fail": false,
                  "pending": false,
                  "context": null,
                  "code": "expect(add(2, 3)).to.equal(5);",
                  "err": {},
                  "uuid": "a24ef2f7-7f59-4205-9031-6a951585d784",
                  "parentUUID": "c4ddfa26-88ad-4dfb-ab5c-615adb05974e",
                  "isHook": false,
                  "skipped": false
                }
              ],
              "suites": [],
              "passes": [
                "a24ef2f7-7f59-4205-9031-6a951585d784"
              ],
              "failures": [],
              "pending": [],
              "skipped": [],
              "duration": 0,
              "root": false,
              "rootEmpty": false,
              "_timeout": 2000
            },
            {
              "uuid": "37d8f7bb-e048-4674-ae0f-445f8511a193",
              "title": "subtract()",
              "fullFile": "D:\\New folder\\automated_testing\\test\\mathUtils.test.js",
              "file": "\\test\\mathUtils.test.js",
              "beforeHooks": [],
              "afterHooks": [],
              "tests": [
                {
                  "title": "subtracts two numbers correctly",
                  "fullTitle": "mathUtils subtract() subtracts two numbers correctly",
                  "timedOut": false,
                  "duration": 0,
                  "state": "passed",
                  "speed": "fast",
                  "pass": true,
                  "fail": false,
                  "pending": false,
                  "context": null,
                  "code": "expect(subtract(10, 4)).to.equal(6);",
                  "err": {},
                  "uuid": "5542fa0f-227f-4319-885b-8bcba58bf88a",
                  "parentUUID": "37d8f7bb-e048-4674-ae0f-445f8511a193",
                  "isHook": false,
                  "skipped": false
                }
              ],
              "suites": [],
              "passes": [
                "5542fa0f-227f-4319-885b-8bcba58bf88a"
              ],
              "failures": [],
              "pending": [],
              "skipped": [],
              "duration": 0,
              "root": false,
              "rootEmpty": false,
              "_timeout": 2000
            },
            {
              "uuid": "4402636d-30af-4d8b-9e6a-ed22b33c70ff",
              "title": "multiply()",
              "fullFile": "D:\\New folder\\automated_testing\\test\\mathUtils.test.js",
              "file": "\\test\\mathUtils.test.js",
              "beforeHooks": [],
              "afterHooks": [],
              "tests": [
                {
                  "title": "multiplies two numbers correctly",
                  "fullTitle": "mathUtils multiply() multiplies two numbers correctly",
                  "timedOut": false,
                  "duration": 0,
                  "state": "passed",
                  "speed": "fast",
                  "pass": true,
                  "fail": false,
                  "pending": false,
                  "context": null,
                  "code": "expect(multiply(3, 5)).to.equal(15);",
                  "err": {},
                  "uuid": "5e794d8d-bc0d-4331-bf03-3ea4494ed0ba",
                  "parentUUID": "4402636d-30af-4d8b-9e6a-ed22b33c70ff",
                  "isHook": false,
                  "skipped": false
                }
              ],
              "suites": [],
              "passes": [
                "5e794d8d-bc0d-4331-bf03-3ea4494ed0ba"
              ],
              "failures": [],
              "pending": [],
              "skipped": [],
              "duration": 0,
              "root": false,
              "rootEmpty": false,
              "_timeout": 2000
            },
            {
              "uuid": "e27648d4-cedd-4a64-90a4-ff98caf1f2cf",
              "title": "divide()",
              "fullFile": "D:\\New folder\\automated_testing\\test\\mathUtils.test.js",
              "file": "\\test\\mathUtils.test.js",
              "beforeHooks": [],
              "afterHooks": [],
              "tests": [
                {
                  "title": "divides two numbers correctly",
                  "fullTitle": "mathUtils divide() divides two numbers correctly",
                  "timedOut": false,
                  "duration": 0,
                  "state": "passed",
                  "speed": "fast",
                  "pass": true,
                  "fail": false,
                  "pending": false,
                  "context": null,
                  "code": "expect(divide(10, 2)).to.equal(5);",
                  "err": {},
                  "uuid": "37455e68-6866-4205-bd78-e24ec7d12127",
                  "parentUUID": "e27648d4-cedd-4a64-90a4-ff98caf1f2cf",
                  "isHook": false,
                  "skipped": false
                },
                {
                  "title": "throws an error when dividing by zero",
                  "fullTitle": "mathUtils divide() throws an error when dividing by zero",
                  "timedOut": false,
                  "duration": 0,
                  "state": "passed",
                  "speed": "fast",
                  "pass": true,
                  "fail": false,
                  "pending": false,
                  "context": null,
                  "code": "expect(() => divide(5, 0)).to.throw('Cannot divide by zero');",
                  "err": {},
                  "uuid": "3e56bbb0-0464-4cb4-8bd2-142c069bb965",
                  "parentUUID": "e27648d4-cedd-4a64-90a4-ff98caf1f2cf",
                  "isHook": false,
                  "skipped": false
                }
              ],
              "suites": [],
              "passes": [
                "37455e68-6866-4205-bd78-e24ec7d12127",
                "3e56bbb0-0464-4cb4-8bd2-142c069bb965"
              ],
              "failures": [],
              "pending": [],
              "skipped": [],
              "duration": 0,
              "root": false,
              "rootEmpty": false,
              "_timeout": 2000
            }
          ],
          "passes": [],
          "failures": [],
          "pending": [],
          "skipped": [],
          "duration": 0,
          "root": false,
          "rootEmpty": false,
          "_timeout": 2000
        },
        {
          "uuid": "d9de617c-3b7d-4656-85d6-b0928ff9fbc7",
          "title": "stringUtils",
          "fullFile": "D:\\New folder\\automated_testing\\test\\stringUtils.test.js",
          "file": "\\test\\stringUtils.test.js",
          "beforeHooks": [],
          "afterHooks": [],
          "tests": [],
          "suites": [
            {
              "uuid": "0afffcdf-5cc8-4ab6-86b1-d2f47fde0128",
              "title": "capitalize()",
              "fullFile": "D:\\New folder\\automated_testing\\test\\stringUtils.test.js",
              "file": "\\test\\stringUtils.test.js",
              "beforeHooks": [],
              "afterHooks": [],
              "tests": [
                {
                  "title": "capitalizes the first letter of a word",
                  "fullTitle": "stringUtils capitalize() capitalizes the first letter of a word",
                  "timedOut": false,
                  "duration": 1,
                  "state": "passed",
                  "speed": "fast",
                  "pass": true,
                  "fail": false,
                  "pending": false,
                  "context": null,
                  "code": "expect(capitalize('hello')).to.equal('Hello');",
                  "err": {},
                  "uuid": "6c13250c-363a-4e44-b21f-2901266e7394",
                  "parentUUID": "0afffcdf-5cc8-4ab6-86b1-d2f47fde0128",
                  "isHook": false,
                  "skipped": false
                },
                {
                  "title": "returns an empty string if input is empty",
                  "fullTitle": "stringUtils capitalize() returns an empty string if input is empty",
                  "timedOut": false,
                  "duration": 0,
                  "state": "passed",
                  "speed": "fast",
                  "pass": true,
                  "fail": false,
                  "pending": false,
                  "context": null,
                  "code": "expect(capitalize('')).to.equal('');",
                  "err": {},
                  "uuid": "02c60053-c8df-4060-b109-094457279afd",
                  "parentUUID": "0afffcdf-5cc8-4ab6-86b1-d2f47fde0128",
                  "isHook": false,
                  "skipped": false
                },
                {
                  "title": "throws error if input is not a string",
                  "fullTitle": "stringUtils capitalize() throws error if input is not a string",
                  "timedOut": false,
                  "duration": 1,
                  "state": "passed",
                  "speed": "fast",
                  "pass": true,
                  "fail": false,
                  "pending": false,
                  "context": null,
                  "code": "expect(() => capitalize(123)).to.throw('Input must be a string');",
                  "err": {},
                  "uuid": "d044dcb3-6e3d-4c50-aee4-930a70412e91",
                  "parentUUID": "0afffcdf-5cc8-4ab6-86b1-d2f47fde0128",
                  "isHook": false,
                  "skipped": false
                }
              ],
              "suites": [],
              "passes": [
                "6c13250c-363a-4e44-b21f-2901266e7394",
                "02c60053-c8df-4060-b109-094457279afd",
                "d044dcb3-6e3d-4c50-aee4-930a70412e91"
              ],
              "failures": [],
              "pending": [],
              "skipped": [],
              "duration": 2,
              "root": false,
              "rootEmpty": false,
              "_timeout": 2000
            },
            {
              "uuid": "ff2a3f4e-7e87-43f1-abdb-f722f57a896a",
              "title": "reverseString()",
              "fullFile": "D:\\New folder\\automated_testing\\test\\stringUtils.test.js",
              "file": "\\test\\stringUtils.test.js",
              "beforeHooks": [],
              "afterHooks": [],
              "tests": [
                {
                  "title": "reverses the string",
                  "fullTitle": "stringUtils reverseString() reverses the string",
                  "timedOut": false,
                  "duration": 0,
                  "state": "passed",
                  "speed": "fast",
                  "pass": true,
                  "fail": false,
                  "pending": false,
                  "context": null,
                  "code": "expect(reverseString('abc')).to.equal('cba');",
                  "err": {},
                  "uuid": "9f36d3fb-1f97-4c69-bc9c-c4333e106dc4",
                  "parentUUID": "ff2a3f4e-7e87-43f1-abdb-f722f57a896a",
                  "isHook": false,
                  "skipped": false
                },
                {
                  "title": "returns an empty string if input is empty",
                  "fullTitle": "stringUtils reverseString() returns an empty string if input is empty",
                  "timedOut": false,
                  "duration": 0,
                  "state": "passed",
                  "speed": "fast",
                  "pass": true,
                  "fail": false,
                  "pending": false,
                  "context": null,
                  "code": "expect(reverseString('')).to.equal('');",
                  "err": {},
                  "uuid": "3ec8d3e8-73d4-4503-b601-c613552dfaa6",
                  "parentUUID": "ff2a3f4e-7e87-43f1-abdb-f722f57a896a",
                  "isHook": false,
                  "skipped": false
                },
                {
                  "title": "throws error if input is not a string",
                  "fullTitle": "stringUtils reverseString() throws error if input is not a string",
                  "timedOut": false,
                  "duration": 0,
                  "state": "passed",
                  "speed": "fast",
                  "pass": true,
                  "fail": false,
                  "pending": false,
                  "context": null,
                  "code": "expect(() => reverseString(null)).to.throw('Input must be a string');",
                  "err": {},
                  "uuid": "5e1b07c2-f387-4b9b-bebd-874be4ca9a8a",
                  "parentUUID": "ff2a3f4e-7e87-43f1-abdb-f722f57a896a",
                  "isHook": false,
                  "skipped": false
                }
              ],
              "suites": [],
              "passes": [
                "9f36d3fb-1f97-4c69-bc9c-c4333e106dc4",
                "3ec8d3e8-73d4-4503-b601-c613552dfaa6",
                "5e1b07c2-f387-4b9b-bebd-874be4ca9a8a"
              ],
              "failures": [],
              "pending": [],
              "skipped": [],
              "duration": 0,
              "root": false,
              "rootEmpty": false,
              "_timeout": 2000
            },
            {
              "uuid": "5314d421-2f5c-4523-b2cf-6089f69225b5",
              "title": "isPalindrome()",
              "fullFile": "D:\\New folder\\automated_testing\\test\\stringUtils.test.js",
              "file": "\\test\\stringUtils.test.js",
              "beforeHooks": [],
              "afterHooks": [],
              "tests": [
                {
                  "title": "returns true for a palindrome",
                  "fullTitle": "stringUtils isPalindrome() returns true for a palindrome",
                  "timedOut": false,
                  "duration": 0,
                  "state": "passed",
                  "speed": "fast",
                  "pass": true,
                  "fail": false,
                  "pending": false,
                  "context": null,
                  "code": "expect(isPalindrome('racecar')).to.be.true;",
                  "err": {},
                  "uuid": "97be7ce3-7ee8-4f12-910f-457cc1a49549",
                  "parentUUID": "5314d421-2f5c-4523-b2cf-6089f69225b5",
                  "isHook": false,
                  "skipped": false
                },
                {
                  "title": "returns false for a non-palindrome",
                  "fullTitle": "stringUtils isPalindrome() returns false for a non-palindrome",
                  "timedOut": false,
                  "duration": 0,
                  "state": "passed",
                  "speed": "fast",
                  "pass": true,
                  "fail": false,
                  "pending": false,
                  "context": null,
                  "code": "expect(isPalindrome('hello')).to.be.false;",
                  "err": {},
                  "uuid": "416aafba-e048-4603-8614-97747b7c94b4",
                  "parentUUID": "5314d421-2f5c-4523-b2cf-6089f69225b5",
                  "isHook": false,
                  "skipped": false
                },
                {
                  "title": "throws error if input is not a string",
                  "fullTitle": "stringUtils isPalindrome() throws error if input is not a string",
                  "timedOut": false,
                  "duration": 0,
                  "state": "passed",
                  "speed": "fast",
                  "pass": true,
                  "fail": false,
                  "pending": false,
                  "context": null,
                  "code": "expect(() => isPalindrome({})).to.throw('Input must be a string');",
                  "err": {},
                  "uuid": "42509cfc-c194-4f50-9650-4345e4642a4c",
                  "parentUUID": "5314d421-2f5c-4523-b2cf-6089f69225b5",
                  "isHook": false,
                  "skipped": false
                }
              ],
              "suites": [],
              "passes": [
                "97be7ce3-7ee8-4f12-910f-457cc1a49549",
                "416aafba-e048-4603-8614-97747b7c94b4",
                "42509cfc-c194-4f50-9650-4345e4642a4c"
              ],
              "failures": [],
              "pending": [],
              "skipped": [],
              "duration": 0,
              "root": false,
              "rootEmpty": false,
              "_timeout": 2000
            }
          ],
          "passes": [],
          "failures": [],
          "pending": [],
          "skipped": [],
          "duration": 0,
          "root": false,
          "rootEmpty": false,
          "_timeout": 2000
        },
        {
          "uuid": "6a7a70e7-bb42-42af-825e-4bdb9925421e",
          "title": "🧪 usersListUtils module",
          "fullFile": "D:\\New folder\\automated_testing\\test\\usersListUtils.test.js",
          "file": "\\test\\usersListUtils.test.js",
          "beforeHooks": [],
          "afterHooks": [],
          "tests": [],
          "suites": [
            {
              "uuid": "37a924c6-0d6b-4803-a59e-516552c26c4b",
              "title": "🧓 filterUsersByAge()",
              "fullFile": "D:\\New folder\\automated_testing\\test\\usersListUtils.test.js",
              "file": "\\test\\usersListUtils.test.js",
              "beforeHooks": [],
              "afterHooks": [],
              "tests": [
                {
                  "title": "should include only users whose age is between 30 and 50",
                  "fullTitle": "🧪 usersListUtils module 🧓 filterUsersByAge() should include only users whose age is between 30 and 50",
                  "timedOut": false,
                  "duration": 0,
                  "state": "passed",
                  "speed": "fast",
                  "pass": true,
                  "fail": false,
                  "pending": false,
                  "context": null,
                  "code": "const result = filterUsersByAge(testUsers, 30, 50);\nexpect(result.map(u => u.name)).to.deep.equal(['Shreck', 'Lulu']);",
                  "err": {},
                  "uuid": "ff18e486-7cdf-405b-a11c-1e85bd58aa97",
                  "parentUUID": "37a924c6-0d6b-4803-a59e-516552c26c4b",
                  "isHook": false,
                  "skipped": false
                },
                {
                  "title": "should return an empty array if no users fit the age range",
                  "fullTitle": "🧪 usersListUtils module 🧓 filterUsersByAge() should return an empty array if no users fit the age range",
                  "timedOut": false,
                  "duration": 1,
                  "state": "passed",
                  "speed": "fast",
                  "pass": true,
                  "fail": false,
                  "pending": false,
                  "context": null,
                  "code": "const result = filterUsersByAge(testUsers, 90, 100);\nexpect(result).to.have.lengthOf(0);",
                  "err": {},
                  "uuid": "965ed166-ed13-44d8-962d-ed5babce00d2",
                  "parentUUID": "37a924c6-0d6b-4803-a59e-516552c26c4b",
                  "isHook": false,
                  "skipped": false
                },
                {
                  "title": "should throw an error if the input is not an array",
                  "fullTitle": "🧪 usersListUtils module 🧓 filterUsersByAge() should throw an error if the input is not an array",
                  "timedOut": false,
                  "duration": 1,
                  "state": "passed",
                  "speed": "fast",
                  "pass": true,
                  "fail": false,
                  "pending": false,
                  "context": null,
                  "code": "expect(() => filterUsersByAge('nope', 20, 30)).to.throw('Users must be an array');",
                  "err": {},
                  "uuid": "56f54880-3bf5-475f-b8dc-aa4021a849f3",
                  "parentUUID": "37a924c6-0d6b-4803-a59e-516552c26c4b",
                  "isHook": false,
                  "skipped": false
                }
              ],
              "suites": [],
              "passes": [
                "ff18e486-7cdf-405b-a11c-1e85bd58aa97",
                "965ed166-ed13-44d8-962d-ed5babce00d2",
                "56f54880-3bf5-475f-b8dc-aa4021a849f3"
              ],
              "failures": [],
              "pending": [],
              "skipped": [],
              "duration": 2,
              "root": false,
              "rootEmpty": false,
              "_timeout": 2000
            },
            {
              "uuid": "9ddadef0-1129-4238-862d-d97b891febdb",
              "title": "🔤 sortUsersByName()",
              "fullFile": "D:\\New folder\\automated_testing\\test\\usersListUtils.test.js",
              "file": "\\test\\usersListUtils.test.js",
              "beforeHooks": [],
              "afterHooks": [],
              "tests": [
                {
                  "title": "should sort users alphabetically by name",
                  "fullTitle": "🧪 usersListUtils module 🔤 sortUsersByName() should sort users alphabetically by name",
                  "timedOut": false,
                  "duration": 14,
                  "state": "passed",
                  "speed": "fast",
                  "pass": true,
                  "fail": false,
                  "pending": false,
                  "context": null,
                  "code": "const sorted = sortUsersByName(testUsers);\nconst names = sorted.map(u => u.name);\nexpect(names).to.eql(['Lulu', 'Shreck', 'Zelda']);",
                  "err": {},
                  "uuid": "775231a2-1a0e-4cce-8e69-2921ba433979",
                  "parentUUID": "9ddadef0-1129-4238-862d-d97b891febdb",
                  "isHook": false,
                  "skipped": false
                },
                {
                  "title": "should throw an error if input is not an array",
                  "fullTitle": "🧪 usersListUtils module 🔤 sortUsersByName() should throw an error if input is not an array",
                  "timedOut": false,
                  "duration": 1,
                  "state": "passed",
                  "speed": "fast",
                  "pass": true,
                  "fail": false,
                  "pending": false,
                  "context": null,
                  "code": "expect(() => sortUsersByName(undefined)).to.throw('Users must be an array');",
                  "err": {},
                  "uuid": "551cbba0-a869-49b8-a6c4-5e289ff4faee",
                  "parentUUID": "9ddadef0-1129-4238-862d-d97b891febdb",
                  "isHook": false,
                  "skipped": false
                }
              ],
              "suites": [],
              "passes": [
                "775231a2-1a0e-4cce-8e69-2921ba433979",
                "551cbba0-a869-49b8-a6c4-5e289ff4faee"
              ],
              "failures": [],
              "pending": [],
              "skipped": [],
              "duration": 15,
              "root": false,
              "rootEmpty": false,
              "_timeout": 2000
            },
            {
              "uuid": "7b699014-58e6-4b53-a35d-694a4b9a5bd6",
              "title": "🔍 findUserById()",
              "fullFile": "D:\\New folder\\automated_testing\\test\\usersListUtils.test.js",
              "file": "\\test\\usersListUtils.test.js",
              "beforeHooks": [],
              "afterHooks": [],
              "tests": [
                {
                  "title": "should return the user with the given ID",
                  "fullTitle": "🧪 usersListUtils module 🔍 findUserById() should return the user with the given ID",
                  "timedOut": false,
                  "duration": 1,
                  "state": "passed",
                  "speed": "fast",
                  "pass": true,
                  "fail": false,
                  "pending": false,
                  "context": null,
                  "code": "const user = findUserById(testUsers, 11);\nexpect(user.email).to.equal('shreck@gmail.com');",
                  "err": {},
                  "uuid": "7b55a3cd-a7b3-458d-9989-07db8c078a45",
                  "parentUUID": "7b699014-58e6-4b53-a35d-694a4b9a5bd6",
                  "isHook": false,
                  "skipped": false
                },
                {
                  "title": "should return null if the ID is not found",
                  "fullTitle": "🧪 usersListUtils module 🔍 findUserById() should return null if the ID is not found",
                  "timedOut": false,
                  "duration": 0,
                  "state": "passed",
                  "speed": "fast",
                  "pass": true,
                  "fail": false,
                  "pending": false,
                  "context": null,
                  "code": "const result = findUserById(testUsers, 999);\nexpect(result).to.be.null;",
                  "err": {},
                  "uuid": "af1444e2-cc6a-4b1a-9186-e81e5d632360",
                  "parentUUID": "7b699014-58e6-4b53-a35d-694a4b9a5bd6",
                  "isHook": false,
                  "skipped": false
                },
                {
                  "title": "should throw an error if input is not an array",
                  "fullTitle": "🧪 usersListUtils module 🔍 findUserById() should throw an error if input is not an array",
                  "timedOut": false,
                  "duration": 0,
                  "state": "passed",
                  "speed": "fast",
                  "pass": true,
                  "fail": false,
                  "pending": false,
                  "context": null,
                  "code": "expect(() => findUserById(null, 10)).to.throw('Users must be an array');",
                  "err": {},
                  "uuid": "4c5ff1cf-14a1-4107-b193-efa72f493383",
                  "parentUUID": "7b699014-58e6-4b53-a35d-694a4b9a5bd6",
                  "isHook": false,
                  "skipped": false
                }
              ],
              "suites": [],
              "passes": [
                "7b55a3cd-a7b3-458d-9989-07db8c078a45",
                "af1444e2-cc6a-4b1a-9186-e81e5d632360",
                "4c5ff1cf-14a1-4107-b193-efa72f493383"
              ],
              "failures": [],
              "pending": [],
              "skipped": [],
              "duration": 1,
              "root": false,
              "rootEmpty": false,
              "_timeout": 2000
            },
            {
              "uuid": "e405d287-a18e-4043-8c2c-b8dcc4977d2b",
              "title": "📧 isEmailTaken()",
              "fullFile": "D:\\New folder\\automated_testing\\test\\usersListUtils.test.js",
              "file": "\\test\\usersListUtils.test.js",
              "beforeHooks": [],
              "afterHooks": [],
              "tests": [
                {
                  "title": "should return true when the email exists",
                  "fullTitle": "🧪 usersListUtils module 📧 isEmailTaken() should return true when the email exists",
                  "timedOut": false,
                  "duration": 0,
                  "state": "passed",
                  "speed": "fast",
                  "pass": true,
                  "fail": false,
                  "pending": false,
                  "context": null,
                  "code": "const exists = isEmailTaken(testUsers, 'zelda11@yahoo.com');\nexpect(exists).to.be.true;",
                  "err": {},
                  "uuid": "2f88eaa4-1c15-4d62-ae13-6062afc60881",
                  "parentUUID": "e405d287-a18e-4043-8c2c-b8dcc4977d2b",
                  "isHook": false,
                  "skipped": false
                },
                {
                  "title": "should return false when the email does not exist",
                  "fullTitle": "🧪 usersListUtils module 📧 isEmailTaken() should return false when the email does not exist",
                  "timedOut": false,
                  "duration": 0,
                  "state": "passed",
                  "speed": "fast",
                  "pass": true,
                  "fail": false,
                  "pending": false,
                  "context": null,
                  "code": "const exists = isEmailTaken(testUsers, 'donkey@swamp.com');\nexpect(exists).to.be.false;",
                  "err": {},
                  "uuid": "2995e09d-ceec-4fc6-a574-b3eeeb4950a3",
                  "parentUUID": "e405d287-a18e-4043-8c2c-b8dcc4977d2b",
                  "isHook": false,
                  "skipped": false
                },
                {
                  "title": "should throw an error if users input is not an array",
                  "fullTitle": "🧪 usersListUtils module 📧 isEmailTaken() should throw an error if users input is not an array",
                  "timedOut": false,
                  "duration": 0,
                  "state": "passed",
                  "speed": "fast",
                  "pass": true,
                  "fail": false,
                  "pending": false,
                  "context": null,
                  "code": "expect(() => isEmailTaken(404, 'test@email.com')).to.throw('Users must be an array');",
                  "err": {},
                  "uuid": "ae3e275d-63b5-47cc-aee7-7eaf2f10cf59",
                  "parentUUID": "e405d287-a18e-4043-8c2c-b8dcc4977d2b",
                  "isHook": false,
                  "skipped": false
                }
              ],
              "suites": [],
              "passes": [
                "2f88eaa4-1c15-4d62-ae13-6062afc60881",
                "2995e09d-ceec-4fc6-a574-b3eeeb4950a3",
                "ae3e275d-63b5-47cc-aee7-7eaf2f10cf59"
              ],
              "failures": [],
              "pending": [],
              "skipped": [],
              "duration": 0,
              "root": false,
              "rootEmpty": false,
              "_timeout": 2000
            }
          ],
          "passes": [],
          "failures": [],
          "pending": [],
          "skipped": [],
          "duration": 0,
          "root": false,
          "rootEmpty": false,
          "_timeout": 2000
        }
      ],
      "passes": [],
      "failures": [],
      "pending": [],
      "skipped": [],
      "duration": 0,
      "root": true,
      "rootEmpty": true,
      "_timeout": 2000
    }
  ],
  "meta": {
    "mocha": {
      "version": "11.2.2"
    },
    "mochawesome": {
      "options": {
        "quiet": false,
        "reportFilename": "mochawesome",
        "saveHtml": true,
        "saveJson": true,
        "consoleReporter": "spec",
        "useInlineDiffs": false,
        "code": true
      },
      "version": "7.1.3"
    },
    "marge": {
      "options": null,
      "version": "6.2.0"
    }
  }
}