{
  "stats": {
    "suites": 18,
    "tests": 32,
    "passes": 32,
    "pending": 0,
    "failures": 0,
    "start": "2025-05-04T14:07:44.830Z",
    "end": "2025-05-04T14:07:44.863Z",
    "duration": 33,
    "testsRegistered": 32,
    "passPercent": 100,
    "pendingPercent": 0,
    "other": 0,
    "hasOther": false,
    "skipped": 0,
    "hasSkipped": false
  },
  "results": [
    {
      "uuid": "03bce287-1aff-4d94-aced-a1dd0b38adf2",
      "title": "",
      "fullFile": "",
      "file": "",
      "beforeHooks": [],
      "afterHooks": [],
      "tests": [],
      "suites": [
        {
          "uuid": "ef8cd8c7-6e0f-4683-9a7c-d00e1521b381",
          "title": "arrayUtils",
          "fullFile": "D:\\New folder\\automated_testing\\test\\arrayUtils.test.js",
          "file": "\\test\\arrayUtils.test.js",
          "beforeHooks": [],
          "afterHooks": [],
          "tests": [],
          "suites": [
            {
              "uuid": "c6359371-e590-4e59-a091-5c3bea4de558",
              "title": "findMax()",
              "fullFile": "D:\\New folder\\automated_testing\\test\\arrayUtils.test.js",
              "file": "\\test\\arrayUtils.test.js",
              "beforeHooks": [],
              "afterHooks": [],
              "tests": [
                {
                  "title": "returns the maximum number in an array",
                  "fullTitle": "arrayUtils findMax() returns the maximum number in an array",
                  "timedOut": false,
                  "duration": 0,
                  "state": "passed",
                  "speed": "fast",
                  "pass": true,
                  "fail": false,
                  "pending": false,
                  "context": null,
                  "code": "expect(findMax([1, 2, 3, 10])).to.equal(10);",
                  "err": {},
                  "uuid": "1a0d79e4-0e50-4a2b-9ebe-3c11182abe53",
                  "parentUUID": "c6359371-e590-4e59-a091-5c3bea4de558",
                  "isHook": false,
                  "skipped": false
                },
                {
                  "title": "throws error if input is not an array",
                  "fullTitle": "arrayUtils findMax() throws error if input is not an array",
                  "timedOut": false,
                  "duration": 1,
                  "state": "passed",
                  "speed": "fast",
                  "pass": true,
                  "fail": false,
                  "pending": false,
                  "context": null,
                  "code": "expect(() => findMax('not-array')).to.throw('Input must be an array');",
                  "err": {},
                  "uuid": "2e2ac8ac-11a5-4bfb-ada9-05dd1713997d",
                  "parentUUID": "c6359371-e590-4e59-a091-5c3bea4de558",
                  "isHook": false,
                  "skipped": false
                }
              ],
              "suites": [],
              "passes": [
                "1a0d79e4-0e50-4a2b-9ebe-3c11182abe53",
                "2e2ac8ac-11a5-4bfb-ada9-05dd1713997d"
              ],
              "failures": [],
              "pending": [],
              "skipped": [],
              "duration": 1,
              "root": false,
              "rootEmpty": false,
              "_timeout": 2000
            },
            {
              "uuid": "97f9f1bf-e8a9-4e1b-a5c2-fbfa2df1c3be",
              "title": "findMin()",
              "fullFile": "D:\\New folder\\automated_testing\\test\\arrayUtils.test.js",
              "file": "\\test\\arrayUtils.test.js",
              "beforeHooks": [],
              "afterHooks": [],
              "tests": [
                {
                  "title": "returns the minimum number in an array",
                  "fullTitle": "arrayUtils findMin() returns the minimum number in an array",
                  "timedOut": false,
                  "duration": 0,
                  "state": "passed",
                  "speed": "fast",
                  "pass": true,
                  "fail": false,
                  "pending": false,
                  "context": null,
                  "code": "expect(findMin([5, -1, 3, 0])).to.equal(-1);",
                  "err": {},
                  "uuid": "4fc7e9c6-5627-4f8d-9a5d-76cd3b542044",
                  "parentUUID": "97f9f1bf-e8a9-4e1b-a5c2-fbfa2df1c3be",
                  "isHook": false,
                  "skipped": false
                },
                {
                  "title": "throws error if input is not an array",
                  "fullTitle": "arrayUtils findMin() throws error if input is not an array",
                  "timedOut": false,
                  "duration": 0,
                  "state": "passed",
                  "speed": "fast",
                  "pass": true,
                  "fail": false,
                  "pending": false,
                  "context": null,
                  "code": "expect(() => findMin(null)).to.throw('Input must be an array');",
                  "err": {},
                  "uuid": "4f44dd0d-f96a-4d92-9904-3d1996e217f4",
                  "parentUUID": "97f9f1bf-e8a9-4e1b-a5c2-fbfa2df1c3be",
                  "isHook": false,
                  "skipped": false
                }
              ],
              "suites": [],
              "passes": [
                "4fc7e9c6-5627-4f8d-9a5d-76cd3b542044",
                "4f44dd0d-f96a-4d92-9904-3d1996e217f4"
              ],
              "failures": [],
              "pending": [],
              "skipped": [],
              "duration": 0,
              "root": false,
              "rootEmpty": false,
              "_timeout": 2000
            },
            {
              "uuid": "db7c4552-c3ba-4c9a-b3ee-c0bc21212b36",
              "title": "removeDuplicates()",
              "fullFile": "D:\\New folder\\automated_testing\\test\\arrayUtils.test.js",
              "file": "\\test\\arrayUtils.test.js",
              "beforeHooks": [],
              "afterHooks": [],
              "tests": [
                {
                  "title": "removes duplicate values from array",
                  "fullTitle": "arrayUtils removeDuplicates() removes duplicate values from array",
                  "timedOut": false,
                  "duration": 0,
                  "state": "passed",
                  "speed": "fast",
                  "pass": true,
                  "fail": false,
                  "pending": false,
                  "context": null,
                  "code": "expect(removeDuplicates([1, 2, 2, 3, 3, 3])).to.deep.equal([1, 2, 3]);",
                  "err": {},
                  "uuid": "4f335859-89d3-45a1-8e5e-0c006a8f1d00",
                  "parentUUID": "db7c4552-c3ba-4c9a-b3ee-c0bc21212b36",
                  "isHook": false,
                  "skipped": false
                },
                {
                  "title": "returns an empty array when input is empty",
                  "fullTitle": "arrayUtils removeDuplicates() returns an empty array when input is empty",
                  "timedOut": false,
                  "duration": 0,
                  "state": "passed",
                  "speed": "fast",
                  "pass": true,
                  "fail": false,
                  "pending": false,
                  "context": null,
                  "code": "expect(removeDuplicates([])).to.deep.equal([]);",
                  "err": {},
                  "uuid": "212aa575-cbf0-4e2f-b433-5a973ec4b7c0",
                  "parentUUID": "db7c4552-c3ba-4c9a-b3ee-c0bc21212b36",
                  "isHook": false,
                  "skipped": false
                },
                {
                  "title": "throws error if input is not an array",
                  "fullTitle": "arrayUtils removeDuplicates() throws error if input is not an array",
                  "timedOut": false,
                  "duration": 0,
                  "state": "passed",
                  "speed": "fast",
                  "pass": true,
                  "fail": false,
                  "pending": false,
                  "context": null,
                  "code": "expect(() => removeDuplicates({})).to.throw('Input must be an array');",
                  "err": {},
                  "uuid": "4d636a60-f484-46f2-8cf3-f8bba8d69ebf",
                  "parentUUID": "db7c4552-c3ba-4c9a-b3ee-c0bc21212b36",
                  "isHook": false,
                  "skipped": false
                }
              ],
              "suites": [],
              "passes": [
                "4f335859-89d3-45a1-8e5e-0c006a8f1d00",
                "212aa575-cbf0-4e2f-b433-5a973ec4b7c0",
                "4d636a60-f484-46f2-8cf3-f8bba8d69ebf"
              ],
              "failures": [],
              "pending": [],
              "skipped": [],
              "duration": 0,
              "root": false,
              "rootEmpty": false,
              "_timeout": 2000
            }
          ],
          "passes": [],
          "failures": [],
          "pending": [],
          "skipped": [],
          "duration": 0,
          "root": false,
          "rootEmpty": false,
          "_timeout": 2000
        },
        {
          "uuid": "ac150533-e8be-4666-8a0a-6fd46aec73d5",
          "title": "mathUtils",
          "fullFile": "D:\\New folder\\automated_testing\\test\\mathUtils.test.js",
          "file": "\\test\\mathUtils.test.js",
          "beforeHooks": [],
          "afterHooks": [],
          "tests": [],
          "suites": [
            {
              "uuid": "ebe5474f-ee4e-4c26-a310-bf478cf9727a",
              "title": "add()",
              "fullFile": "D:\\New folder\\automated_testing\\test\\mathUtils.test.js",
              "file": "\\test\\mathUtils.test.js",
              "beforeHooks": [],
              "afterHooks": [],
              "tests": [
                {
                  "title": "adds two numbers correctly",
                  "fullTitle": "mathUtils add() adds two numbers correctly",
                  "timedOut": false,
                  "duration": 1,
                  "state": "passed",
                  "speed": "fast",
                  "pass": true,
                  "fail": false,
                  "pending": false,
                  "context": null,
                  "code": "expect(add(2, 3)).to.equal(5);",
                  "err": {},
                  "uuid": "91b5796a-0ebf-4de6-bd96-bfec91b6ded8",
                  "parentUUID": "ebe5474f-ee4e-4c26-a310-bf478cf9727a",
                  "isHook": false,
                  "skipped": false
                }
              ],
              "suites": [],
              "passes": [
                "91b5796a-0ebf-4de6-bd96-bfec91b6ded8"
              ],
              "failures": [],
              "pending": [],
              "skipped": [],
              "duration": 1,
              "root": false,
              "rootEmpty": false,
              "_timeout": 2000
            },
            {
              "uuid": "4d6ef63c-2169-4fa9-b562-0d64d852927f",
              "title": "subtract()",
              "fullFile": "D:\\New folder\\automated_testing\\test\\mathUtils.test.js",
              "file": "\\test\\mathUtils.test.js",
              "beforeHooks": [],
              "afterHooks": [],
              "tests": [
                {
                  "title": "subtracts two numbers correctly",
                  "fullTitle": "mathUtils subtract() subtracts two numbers correctly",
                  "timedOut": false,
                  "duration": 0,
                  "state": "passed",
                  "speed": "fast",
                  "pass": true,
                  "fail": false,
                  "pending": false,
                  "context": null,
                  "code": "expect(subtract(10, 4)).to.equal(6);",
                  "err": {},
                  "uuid": "3ad2b62b-16f7-4748-8a24-7835ca7e208f",
                  "parentUUID": "4d6ef63c-2169-4fa9-b562-0d64d852927f",
                  "isHook": false,
                  "skipped": false
                }
              ],
              "suites": [],
              "passes": [
                "3ad2b62b-16f7-4748-8a24-7835ca7e208f"
              ],
              "failures": [],
              "pending": [],
              "skipped": [],
              "duration": 0,
              "root": false,
              "rootEmpty": false,
              "_timeout": 2000
            },
            {
              "uuid": "29cb0a7a-5080-4025-8bd6-b95408c68805",
              "title": "multiply()",
              "fullFile": "D:\\New folder\\automated_testing\\test\\mathUtils.test.js",
              "file": "\\test\\mathUtils.test.js",
              "beforeHooks": [],
              "afterHooks": [],
              "tests": [
                {
                  "title": "multiplies two numbers correctly",
                  "fullTitle": "mathUtils multiply() multiplies two numbers correctly",
                  "timedOut": false,
                  "duration": 1,
                  "state": "passed",
                  "speed": "fast",
                  "pass": true,
                  "fail": false,
                  "pending": false,
                  "context": null,
                  "code": "expect(multiply(3, 5)).to.equal(15);",
                  "err": {},
                  "uuid": "013fd0db-87f0-4089-a331-14f89a0da27a",
                  "parentUUID": "29cb0a7a-5080-4025-8bd6-b95408c68805",
                  "isHook": false,
                  "skipped": false
                }
              ],
              "suites": [],
              "passes": [
                "013fd0db-87f0-4089-a331-14f89a0da27a"
              ],
              "failures": [],
              "pending": [],
              "skipped": [],
              "duration": 1,
              "root": false,
              "rootEmpty": false,
              "_timeout": 2000
            },
            {
              "uuid": "1d3fbc8c-8ec0-46f4-898e-2635e79996fc",
              "title": "divide()",
              "fullFile": "D:\\New folder\\automated_testing\\test\\mathUtils.test.js",
              "file": "\\test\\mathUtils.test.js",
              "beforeHooks": [],
              "afterHooks": [],
              "tests": [
                {
                  "title": "divides two numbers correctly",
                  "fullTitle": "mathUtils divide() divides two numbers correctly",
                  "timedOut": false,
                  "duration": 0,
                  "state": "passed",
                  "speed": "fast",
                  "pass": true,
                  "fail": false,
                  "pending": false,
                  "context": null,
                  "code": "expect(divide(10, 2)).to.equal(5);",
                  "err": {},
                  "uuid": "f16467f4-035f-4739-aaaa-f31f6ae42887",
                  "parentUUID": "1d3fbc8c-8ec0-46f4-898e-2635e79996fc",
                  "isHook": false,
                  "skipped": false
                },
                {
                  "title": "throws an error when dividing by zero",
                  "fullTitle": "mathUtils divide() throws an error when dividing by zero",
                  "timedOut": false,
                  "duration": 1,
                  "state": "passed",
                  "speed": "fast",
                  "pass": true,
                  "fail": false,
                  "pending": false,
                  "context": null,
                  "code": "expect(() => divide(5, 0)).to.throw('Cannot divide by zero');",
                  "err": {},
                  "uuid": "f9f27ebd-5513-46e9-ae0b-c49e503f49f5",
                  "parentUUID": "1d3fbc8c-8ec0-46f4-898e-2635e79996fc",
                  "isHook": false,
                  "skipped": false
                }
              ],
              "suites": [],
              "passes": [
                "f16467f4-035f-4739-aaaa-f31f6ae42887",
                "f9f27ebd-5513-46e9-ae0b-c49e503f49f5"
              ],
              "failures": [],
              "pending": [],
              "skipped": [],
              "duration": 1,
              "root": false,
              "rootEmpty": false,
              "_timeout": 2000
            }
          ],
          "passes": [],
          "failures": [],
          "pending": [],
          "skipped": [],
          "duration": 0,
          "root": false,
          "rootEmpty": false,
          "_timeout": 2000
        },
        {
          "uuid": "cd9d2a0c-97e6-4073-9e57-e611548189e4",
          "title": "stringUtils",
          "fullFile": "D:\\New folder\\automated_testing\\test\\stringUtils.test.js",
          "file": "\\test\\stringUtils.test.js",
          "beforeHooks": [],
          "afterHooks": [],
          "tests": [],
          "suites": [
            {
              "uuid": "6aa90061-53fb-4632-b150-7d5afaf0990d",
              "title": "capitalize()",
              "fullFile": "D:\\New folder\\automated_testing\\test\\stringUtils.test.js",
              "file": "\\test\\stringUtils.test.js",
              "beforeHooks": [],
              "afterHooks": [],
              "tests": [
                {
                  "title": "capitalizes the first letter of a word",
                  "fullTitle": "stringUtils capitalize() capitalizes the first letter of a word",
                  "timedOut": false,
                  "duration": 0,
                  "state": "passed",
                  "speed": "fast",
                  "pass": true,
                  "fail": false,
                  "pending": false,
                  "context": null,
                  "code": "expect(capitalize('hello')).to.equal('Hello');",
                  "err": {},
                  "uuid": "4ebfc408-2b6c-41e3-a007-c649fd694130",
                  "parentUUID": "6aa90061-53fb-4632-b150-7d5afaf0990d",
                  "isHook": false,
                  "skipped": false
                },
                {
                  "title": "returns an empty string if input is empty",
                  "fullTitle": "stringUtils capitalize() returns an empty string if input is empty",
                  "timedOut": false,
                  "duration": 0,
                  "state": "passed",
                  "speed": "fast",
                  "pass": true,
                  "fail": false,
                  "pending": false,
                  "context": null,
                  "code": "expect(capitalize('')).to.equal('');",
                  "err": {},
                  "uuid": "eff070fc-be63-44ee-a773-41e31c4eff40",
                  "parentUUID": "6aa90061-53fb-4632-b150-7d5afaf0990d",
                  "isHook": false,
                  "skipped": false
                },
                {
                  "title": "throws error if input is not a string",
                  "fullTitle": "stringUtils capitalize() throws error if input is not a string",
                  "timedOut": false,
                  "duration": 0,
                  "state": "passed",
                  "speed": "fast",
                  "pass": true,
                  "fail": false,
                  "pending": false,
                  "context": null,
                  "code": "expect(() => capitalize(123)).to.throw('Input must be a string');",
                  "err": {},
                  "uuid": "b0b87140-9bf7-4fc1-9b43-1b42494277ac",
                  "parentUUID": "6aa90061-53fb-4632-b150-7d5afaf0990d",
                  "isHook": false,
                  "skipped": false
                }
              ],
              "suites": [],
              "passes": [
                "4ebfc408-2b6c-41e3-a007-c649fd694130",
                "eff070fc-be63-44ee-a773-41e31c4eff40",
                "b0b87140-9bf7-4fc1-9b43-1b42494277ac"
              ],
              "failures": [],
              "pending": [],
              "skipped": [],
              "duration": 0,
              "root": false,
              "rootEmpty": false,
              "_timeout": 2000
            },
            {
              "uuid": "1ac9e7e3-5418-4ff9-b6d9-f589303868e8",
              "title": "reverseString()",
              "fullFile": "D:\\New folder\\automated_testing\\test\\stringUtils.test.js",
              "file": "\\test\\stringUtils.test.js",
              "beforeHooks": [],
              "afterHooks": [],
              "tests": [
                {
                  "title": "reverses the string",
                  "fullTitle": "stringUtils reverseString() reverses the string",
                  "timedOut": false,
                  "duration": 0,
                  "state": "passed",
                  "speed": "fast",
                  "pass": true,
                  "fail": false,
                  "pending": false,
                  "context": null,
                  "code": "expect(reverseString('abc')).to.equal('cba');",
                  "err": {},
                  "uuid": "4268bd89-d3b2-4c91-a1f1-48b478d49b20",
                  "parentUUID": "1ac9e7e3-5418-4ff9-b6d9-f589303868e8",
                  "isHook": false,
                  "skipped": false
                },
                {
                  "title": "returns an empty string if input is empty",
                  "fullTitle": "stringUtils reverseString() returns an empty string if input is empty",
                  "timedOut": false,
                  "duration": 0,
                  "state": "passed",
                  "speed": "fast",
                  "pass": true,
                  "fail": false,
                  "pending": false,
                  "context": null,
                  "code": "expect(reverseString('')).to.equal('');",
                  "err": {},
                  "uuid": "04b00a22-f6aa-4ebb-8d8e-b6a63e98fb77",
                  "parentUUID": "1ac9e7e3-5418-4ff9-b6d9-f589303868e8",
                  "isHook": false,
                  "skipped": false
                },
                {
                  "title": "throws error if input is not a string",
                  "fullTitle": "stringUtils reverseString() throws error if input is not a string",
                  "timedOut": false,
                  "duration": 0,
                  "state": "passed",
                  "speed": "fast",
                  "pass": true,
                  "fail": false,
                  "pending": false,
                  "context": null,
                  "code": "expect(() => reverseString(null)).to.throw('Input must be a string');",
                  "err": {},
                  "uuid": "a063bd89-107a-4346-a2f7-a01735529c5b",
                  "parentUUID": "1ac9e7e3-5418-4ff9-b6d9-f589303868e8",
                  "isHook": false,
                  "skipped": false
                }
              ],
              "suites": [],
              "passes": [
                "4268bd89-d3b2-4c91-a1f1-48b478d49b20",
                "04b00a22-f6aa-4ebb-8d8e-b6a63e98fb77",
                "a063bd89-107a-4346-a2f7-a01735529c5b"
              ],
              "failures": [],
              "pending": [],
              "skipped": [],
              "duration": 0,
              "root": false,
              "rootEmpty": false,
              "_timeout": 2000
            },
            {
              "uuid": "8bc2f88f-c5f1-4026-b938-82904352342a",
              "title": "isPalindrome()",
              "fullFile": "D:\\New folder\\automated_testing\\test\\stringUtils.test.js",
              "file": "\\test\\stringUtils.test.js",
              "beforeHooks": [],
              "afterHooks": [],
              "tests": [
                {
                  "title": "returns true for a palindrome",
                  "fullTitle": "stringUtils isPalindrome() returns true for a palindrome",
                  "timedOut": false,
                  "duration": 1,
                  "state": "passed",
                  "speed": "fast",
                  "pass": true,
                  "fail": false,
                  "pending": false,
                  "context": null,
                  "code": "expect(isPalindrome('racecar')).to.be.true;",
                  "err": {},
                  "uuid": "2c07b0b0-9806-45f3-a7a9-8a337cd7058e",
                  "parentUUID": "8bc2f88f-c5f1-4026-b938-82904352342a",
                  "isHook": false,
                  "skipped": false
                },
                {
                  "title": "returns false for a non-palindrome",
                  "fullTitle": "stringUtils isPalindrome() returns false for a non-palindrome",
                  "timedOut": false,
                  "duration": 0,
                  "state": "passed",
                  "speed": "fast",
                  "pass": true,
                  "fail": false,
                  "pending": false,
                  "context": null,
                  "code": "expect(isPalindrome('hello')).to.be.false;",
                  "err": {},
                  "uuid": "1319c559-6676-46cd-a070-092c59d1f43d",
                  "parentUUID": "8bc2f88f-c5f1-4026-b938-82904352342a",
                  "isHook": false,
                  "skipped": false
                },
                {
                  "title": "throws error if input is not a string",
                  "fullTitle": "stringUtils isPalindrome() throws error if input is not a string",
                  "timedOut": false,
                  "duration": 0,
                  "state": "passed",
                  "speed": "fast",
                  "pass": true,
                  "fail": false,
                  "pending": false,
                  "context": null,
                  "code": "expect(() => isPalindrome({})).to.throw('Input must be a string');",
                  "err": {},
                  "uuid": "713db05a-5ade-417a-92b9-f43d1d812dcf",
                  "parentUUID": "8bc2f88f-c5f1-4026-b938-82904352342a",
                  "isHook": false,
                  "skipped": false
                }
              ],
              "suites": [],
              "passes": [
                "2c07b0b0-9806-45f3-a7a9-8a337cd7058e",
                "1319c559-6676-46cd-a070-092c59d1f43d",
                "713db05a-5ade-417a-92b9-f43d1d812dcf"
              ],
              "failures": [],
              "pending": [],
              "skipped": [],
              "duration": 1,
              "root": false,
              "rootEmpty": false,
              "_timeout": 2000
            }
          ],
          "passes": [],
          "failures": [],
          "pending": [],
          "skipped": [],
          "duration": 0,
          "root": false,
          "rootEmpty": false,
          "_timeout": 2000
        },
        {
          "uuid": "6fcec6e2-f36b-4817-b5f5-efc28857d5b9",
          "title": "🧪 usersListUtils module",
          "fullFile": "D:\\New folder\\automated_testing\\test\\usersListUtils.test.js",
          "file": "\\test\\usersListUtils.test.js",
          "beforeHooks": [],
          "afterHooks": [],
          "tests": [],
          "suites": [
            {
              "uuid": "76c16d9d-87fd-4310-987a-99ab068569a4",
              "title": "🧓 filterUsersByAge()",
              "fullFile": "D:\\New folder\\automated_testing\\test\\usersListUtils.test.js",
              "file": "\\test\\usersListUtils.test.js",
              "beforeHooks": [],
              "afterHooks": [],
              "tests": [
                {
                  "title": "should include only users whose age is between 30 and 50",
                  "fullTitle": "🧪 usersListUtils module 🧓 filterUsersByAge() should include only users whose age is between 30 and 50",
                  "timedOut": false,
                  "duration": 1,
                  "state": "passed",
                  "speed": "fast",
                  "pass": true,
                  "fail": false,
                  "pending": false,
                  "context": null,
                  "code": "const result = filterUsersByAge(testUsers, 30, 50);\nexpect(result.map(u => u.name)).to.deep.equal(['Shreck', 'Lulu']);",
                  "err": {},
                  "uuid": "dcbfd3a3-ef1e-4d76-b68c-a6f60a3ebcd4",
                  "parentUUID": "76c16d9d-87fd-4310-987a-99ab068569a4",
                  "isHook": false,
                  "skipped": false
                },
                {
                  "title": "should return an empty array if no users fit the age range",
                  "fullTitle": "🧪 usersListUtils module 🧓 filterUsersByAge() should return an empty array if no users fit the age range",
                  "timedOut": false,
                  "duration": 0,
                  "state": "passed",
                  "speed": "fast",
                  "pass": true,
                  "fail": false,
                  "pending": false,
                  "context": null,
                  "code": "const result = filterUsersByAge(testUsers, 90, 100);\nexpect(result).to.have.lengthOf(0);",
                  "err": {},
                  "uuid": "7d2cc22c-c9a0-4f18-9982-e8738f8b9c37",
                  "parentUUID": "76c16d9d-87fd-4310-987a-99ab068569a4",
                  "isHook": false,
                  "skipped": false
                },
                {
                  "title": "should throw an error if the input is not an array",
                  "fullTitle": "🧪 usersListUtils module 🧓 filterUsersByAge() should throw an error if the input is not an array",
                  "timedOut": false,
                  "duration": 0,
                  "state": "passed",
                  "speed": "fast",
                  "pass": true,
                  "fail": false,
                  "pending": false,
                  "context": null,
                  "code": "expect(() => filterUsersByAge('nope', 20, 30)).to.throw('Users must be an array');",
                  "err": {},
                  "uuid": "cb7befc7-4cb9-4b5f-aad1-97e0ad5e1be8",
                  "parentUUID": "76c16d9d-87fd-4310-987a-99ab068569a4",
                  "isHook": false,
                  "skipped": false
                }
              ],
              "suites": [],
              "passes": [
                "dcbfd3a3-ef1e-4d76-b68c-a6f60a3ebcd4",
                "7d2cc22c-c9a0-4f18-9982-e8738f8b9c37",
                "cb7befc7-4cb9-4b5f-aad1-97e0ad5e1be8"
              ],
              "failures": [],
              "pending": [],
              "skipped": [],
              "duration": 1,
              "root": false,
              "rootEmpty": false,
              "_timeout": 2000
            },
            {
              "uuid": "7bc6a8fa-f708-45b9-bb8f-a5dcffcdce59",
              "title": "🔤 sortUsersByName()",
              "fullFile": "D:\\New folder\\automated_testing\\test\\usersListUtils.test.js",
              "file": "\\test\\usersListUtils.test.js",
              "beforeHooks": [],
              "afterHooks": [],
              "tests": [
                {
                  "title": "should sort users alphabetically by name",
                  "fullTitle": "🧪 usersListUtils module 🔤 sortUsersByName() should sort users alphabetically by name",
                  "timedOut": false,
                  "duration": 12,
                  "state": "passed",
                  "speed": "fast",
                  "pass": true,
                  "fail": false,
                  "pending": false,
                  "context": null,
                  "code": "const sorted = sortUsersByName(testUsers);\nconst names = sorted.map(u => u.name);\nexpect(names).to.eql(['Lulu', 'Shreck', 'Zelda']);",
                  "err": {},
                  "uuid": "60ff0167-b766-4b77-9882-88ae1747c929",
                  "parentUUID": "7bc6a8fa-f708-45b9-bb8f-a5dcffcdce59",
                  "isHook": false,
                  "skipped": false
                },
                {
                  "title": "should throw an error if input is not an array",
                  "fullTitle": "🧪 usersListUtils module 🔤 sortUsersByName() should throw an error if input is not an array",
                  "timedOut": false,
                  "duration": 1,
                  "state": "passed",
                  "speed": "fast",
                  "pass": true,
                  "fail": false,
                  "pending": false,
                  "context": null,
                  "code": "expect(() => sortUsersByName(undefined)).to.throw('Users must be an array');",
                  "err": {},
                  "uuid": "8a76fc1f-4d3a-45ea-9c4b-ee2be00f0065",
                  "parentUUID": "7bc6a8fa-f708-45b9-bb8f-a5dcffcdce59",
                  "isHook": false,
                  "skipped": false
                }
              ],
              "suites": [],
              "passes": [
                "60ff0167-b766-4b77-9882-88ae1747c929",
                "8a76fc1f-4d3a-45ea-9c4b-ee2be00f0065"
              ],
              "failures": [],
              "pending": [],
              "skipped": [],
              "duration": 13,
              "root": false,
              "rootEmpty": false,
              "_timeout": 2000
            },
            {
              "uuid": "292f2740-d189-40c6-a022-f26836f194fe",
              "title": "🔍 findUserById()",
              "fullFile": "D:\\New folder\\automated_testing\\test\\usersListUtils.test.js",
              "file": "\\test\\usersListUtils.test.js",
              "beforeHooks": [],
              "afterHooks": [],
              "tests": [
                {
                  "title": "should return the user with the given ID",
                  "fullTitle": "🧪 usersListUtils module 🔍 findUserById() should return the user with the given ID",
                  "timedOut": false,
                  "duration": 0,
                  "state": "passed",
                  "speed": "fast",
                  "pass": true,
                  "fail": false,
                  "pending": false,
                  "context": null,
                  "code": "const user = findUserById(testUsers, 11);\nexpect(user.email).to.equal('shreck@gmail.com');",
                  "err": {},
                  "uuid": "11acb0e0-bf96-4322-b21c-6a9c57119edf",
                  "parentUUID": "292f2740-d189-40c6-a022-f26836f194fe",
                  "isHook": false,
                  "skipped": false
                },
                {
                  "title": "should return null if the ID is not found",
                  "fullTitle": "🧪 usersListUtils module 🔍 findUserById() should return null if the ID is not found",
                  "timedOut": false,
                  "duration": 0,
                  "state": "passed",
                  "speed": "fast",
                  "pass": true,
                  "fail": false,
                  "pending": false,
                  "context": null,
                  "code": "const result = findUserById(testUsers, 999);\nexpect(result).to.be.null;",
                  "err": {},
                  "uuid": "f9dda643-9d04-4eb9-b7d6-243046affbf1",
                  "parentUUID": "292f2740-d189-40c6-a022-f26836f194fe",
                  "isHook": false,
                  "skipped": false
                },
                {
                  "title": "should throw an error if input is not an array",
                  "fullTitle": "🧪 usersListUtils module 🔍 findUserById() should throw an error if input is not an array",
                  "timedOut": false,
                  "duration": 0,
                  "state": "passed",
                  "speed": "fast",
                  "pass": true,
                  "fail": false,
                  "pending": false,
                  "context": null,
                  "code": "expect(() => findUserById(null, 10)).to.throw('Users must be an array');",
                  "err": {},
                  "uuid": "f6ccab67-322d-4c62-999e-ebf4e7c47645",
                  "parentUUID": "292f2740-d189-40c6-a022-f26836f194fe",
                  "isHook": false,
                  "skipped": false
                }
              ],
              "suites": [],
              "passes": [
                "11acb0e0-bf96-4322-b21c-6a9c57119edf",
                "f9dda643-9d04-4eb9-b7d6-243046affbf1",
                "f6ccab67-322d-4c62-999e-ebf4e7c47645"
              ],
              "failures": [],
              "pending": [],
              "skipped": [],
              "duration": 0,
              "root": false,
              "rootEmpty": false,
              "_timeout": 2000
            },
            {
              "uuid": "24cc0d23-ee45-469f-81f0-e2237b6a61f9",
              "title": "📧 isEmailTaken()",
              "fullFile": "D:\\New folder\\automated_testing\\test\\usersListUtils.test.js",
              "file": "\\test\\usersListUtils.test.js",
              "beforeHooks": [],
              "afterHooks": [],
              "tests": [
                {
                  "title": "should return true when the email exists",
                  "fullTitle": "🧪 usersListUtils module 📧 isEmailTaken() should return true when the email exists",
                  "timedOut": false,
                  "duration": 1,
                  "state": "passed",
                  "speed": "fast",
                  "pass": true,
                  "fail": false,
                  "pending": false,
                  "context": null,
                  "code": "const exists = isEmailTaken(testUsers, 'zelda11@yahoo.com');\nexpect(exists).to.be.true;",
                  "err": {},
                  "uuid": "038399a6-f13a-4ffa-addf-16b125d11c53",
                  "parentUUID": "24cc0d23-ee45-469f-81f0-e2237b6a61f9",
                  "isHook": false,
                  "skipped": false
                },
                {
                  "title": "should return false when the email does not exist",
                  "fullTitle": "🧪 usersListUtils module 📧 isEmailTaken() should return false when the email does not exist",
                  "timedOut": false,
                  "duration": 0,
                  "state": "passed",
                  "speed": "fast",
                  "pass": true,
                  "fail": false,
                  "pending": false,
                  "context": null,
                  "code": "const exists = isEmailTaken(testUsers, 'donkey@swamp.com');\nexpect(exists).to.be.false;",
                  "err": {},
                  "uuid": "9fae7881-0060-42d7-b399-12cd6fc8d03c",
                  "parentUUID": "24cc0d23-ee45-469f-81f0-e2237b6a61f9",
                  "isHook": false,
                  "skipped": false
                },
                {
                  "title": "should throw an error if users input is not an array",
                  "fullTitle": "🧪 usersListUtils module 📧 isEmailTaken() should throw an error if users input is not an array",
                  "timedOut": false,
                  "duration": 0,
                  "state": "passed",
                  "speed": "fast",
                  "pass": true,
                  "fail": false,
                  "pending": false,
                  "context": null,
                  "code": "expect(() => isEmailTaken(404, 'test@email.com')).to.throw('Users must be an array');",
                  "err": {},
                  "uuid": "1c5d79d1-9fb9-44f3-bf6a-3ba9429056e3",
                  "parentUUID": "24cc0d23-ee45-469f-81f0-e2237b6a61f9",
                  "isHook": false,
                  "skipped": false
                }
              ],
              "suites": [],
              "passes": [
                "038399a6-f13a-4ffa-addf-16b125d11c53",
                "9fae7881-0060-42d7-b399-12cd6fc8d03c",
                "1c5d79d1-9fb9-44f3-bf6a-3ba9429056e3"
              ],
              "failures": [],
              "pending": [],
              "skipped": [],
              "duration": 1,
              "root": false,
              "rootEmpty": false,
              "_timeout": 2000
            }
          ],
          "passes": [],
          "failures": [],
          "pending": [],
          "skipped": [],
          "duration": 0,
          "root": false,
          "rootEmpty": false,
          "_timeout": 2000
        }
      ],
      "passes": [],
      "failures": [],
      "pending": [],
      "skipped": [],
      "duration": 0,
      "root": true,
      "rootEmpty": true,
      "_timeout": 2000
    }
  ],
  "meta": {
    "mocha": {
      "version": "11.2.2"
    },
    "mochawesome": {
      "options": {
        "quiet": false,
        "reportFilename": "mochawesome",
        "saveHtml": true,
        "saveJson": true,
        "consoleReporter": "spec",
        "useInlineDiffs": false,
        "code": true
      },
      "version": "7.1.3"
    },
    "marge": {
      "options": null,
      "version": "6.2.0"
    }
  }
}